2023-11-14 10:16:55,662 [1] INFO Microsoft.Hosting.Lifetime.?[?] - Now listening on: http://localhost:5280
2023-11-14 10:16:55,811 [1] INFO Microsoft.Hosting.Lifetime.OnApplicationStarted[0] - Application started. Press Ctrl+C to shut down.
2023-11-14 10:16:55,821 [1] INFO Microsoft.Hosting.Lifetime.OnApplicationStarted[0] - Hosting environment: Development
2023-11-14 10:16:55,825 [1] INFO Microsoft.Hosting.Lifetime.OnApplicationStarted[0] - Content root path: C:\Hexaware\Day 12\ShoppingSolution\ShoppingApp\
2023-11-14 10:19:48,262 [.NET ThreadPool Worker] INFO Microsoft.EntityFrameworkCore.Infrastructure.?[?] - Entity Framework Core 6.0.24 initialized 'ShoppingContext' using provider 'Microsoft.EntityFrameworkCore.SqlServer:6.0.24' with options: None
2023-11-14 10:19:50,539 [.NET ThreadPool Worker] INFO Microsoft.EntityFrameworkCore.Database.Command.?[?] - Executed DbCommand (129ms) [Parameters=[], CommandType='Text', CommandTimeout='30']
SELECT COUNT(*)
FROM [Products] AS [p]
2023-11-14 10:19:50,725 [.NET ThreadPool Worker] INFO Microsoft.EntityFrameworkCore.Database.Command.?[?] - Executed DbCommand (8ms) [Parameters=[], CommandType='Text', CommandTimeout='30']
SELECT [p].[Id], [p].[Name], [p].[Picture], [p].[Price], [p].[Quantity]
FROM [Products] AS [p]
2023-11-14 10:19:50,842 [.NET ThreadPool Worker] INFO ShoppingApp.Controllers.ProductController.Get[29] - Product Listed
2023-11-14 11:48:06,506 [1] INFO Microsoft.Hosting.Lifetime.?[?] - Now listening on: http://localhost:5280
2023-11-14 11:48:06,698 [1] INFO Microsoft.Hosting.Lifetime.OnApplicationStarted[0] - Application started. Press Ctrl+C to shut down.
2023-11-14 11:48:06,708 [1] INFO Microsoft.Hosting.Lifetime.OnApplicationStarted[0] - Hosting environment: Development
2023-11-14 11:48:06,712 [1] INFO Microsoft.Hosting.Lifetime.OnApplicationStarted[0] - Content root path: C:\Hexaware\Day 12\ShoppingSolution\ShoppingApp\
2023-11-14 11:50:01,211 [1] INFO Microsoft.Hosting.Lifetime.?[?] - Now listening on: http://localhost:5280
2023-11-14 11:50:01,296 [1] INFO Microsoft.Hosting.Lifetime.OnApplicationStarted[0] - Application started. Press Ctrl+C to shut down.
2023-11-14 11:50:01,304 [1] INFO Microsoft.Hosting.Lifetime.OnApplicationStarted[0] - Hosting environment: Development
2023-11-14 11:50:01,307 [1] INFO Microsoft.Hosting.Lifetime.OnApplicationStarted[0] - Content root path: C:\Hexaware\Day 12\ShoppingSolution\ShoppingApp\
2023-11-14 12:12:04,826 [1] INFO Microsoft.Hosting.Lifetime.?[?] - Now listening on: http://localhost:5280
2023-11-14 12:12:04,970 [1] INFO Microsoft.Hosting.Lifetime.OnApplicationStarted[0] - Application started. Press Ctrl+C to shut down.
2023-11-14 12:12:04,980 [1] INFO Microsoft.Hosting.Lifetime.OnApplicationStarted[0] - Hosting environment: Development
2023-11-14 12:12:04,984 [1] INFO Microsoft.Hosting.Lifetime.OnApplicationStarted[0] - Content root path: C:\Hexaware\Day 12\ShoppingSolution\ShoppingApp\
2023-11-14 12:16:49,605 [.NET ThreadPool Worker] INFO Microsoft.EntityFrameworkCore.Infrastructure.?[?] - Entity Framework Core 6.0.24 initialized 'ShoppingContext' using provider 'Microsoft.EntityFrameworkCore.SqlServer:6.0.24' with options: None
2023-11-14 12:16:51,910 [.NET ThreadPool Worker] INFO Microsoft.EntityFrameworkCore.Database.Command.?[?] - Executed DbCommand (153ms) [Parameters=[@__key_0='?' (Size = 450)], CommandType='Text', CommandTimeout='30']
SELECT TOP(2) [u].[Username], [u].[Key], [u].[Password], [u].[Role]
FROM [Users] AS [u]
WHERE [u].[Username] = @__key_0
2023-11-14 12:17:27,972 [.NET ThreadPool Worker] INFO Microsoft.EntityFrameworkCore.Infrastructure.?[?] - Entity Framework Core 6.0.24 initialized 'ShoppingContext' using provider 'Microsoft.EntityFrameworkCore.SqlServer:6.0.24' with options: None
2023-11-14 12:17:28,039 [.NET ThreadPool Worker] INFO Microsoft.EntityFrameworkCore.Database.Command.?[?] - Executed DbCommand (30ms) [Parameters=[], CommandType='Text', CommandTimeout='30']
SELECT COUNT(*)
FROM [Products] AS [p]
2023-11-14 12:17:28,057 [.NET ThreadPool Worker] INFO Microsoft.EntityFrameworkCore.Database.Command.?[?] - Executed DbCommand (3ms) [Parameters=[], CommandType='Text', CommandTimeout='30']
SELECT [p].[Id], [p].[Name], [p].[Picture], [p].[Price], [p].[Quantity]
FROM [Products] AS [p]
2023-11-14 12:17:28,104 [.NET ThreadPool Worker] INFO ShoppingApp.Controllers.ProductController.Get[29] - Product Listed
2023-11-14 12:21:39,335 [.NET ThreadPool Worker] INFO Microsoft.EntityFrameworkCore.Infrastructure.?[?] - Entity Framework Core 6.0.24 initialized 'ShoppingContext' using provider 'Microsoft.EntityFrameworkCore.SqlServer:6.0.24' with options: None
2023-11-14 12:21:40,835 [.NET ThreadPool Worker] INFO Microsoft.EntityFrameworkCore.Database.Command.?[?] - Executed DbCommand (1,487ms) [Parameters=[@__key_0='?' (Size = 450)], CommandType='Text', CommandTimeout='30']
SELECT TOP(2) [u].[Username], [u].[Key], [u].[Password], [u].[Role]
FROM [Users] AS [u]
WHERE [u].[Username] = @__key_0
2023-11-14 12:22:03,567 [.NET ThreadPool Worker] INFO Microsoft.EntityFrameworkCore.Infrastructure.?[?] - Entity Framework Core 6.0.24 initialized 'ShoppingContext' using provider 'Microsoft.EntityFrameworkCore.SqlServer:6.0.24' with options: None
2023-11-14 12:22:03,597 [.NET ThreadPool Worker] INFO Microsoft.EntityFrameworkCore.Database.Command.?[?] - Executed DbCommand (24ms) [Parameters=[@__key_0='?' (Size = 450)], CommandType='Text', CommandTimeout='30']
SELECT TOP(2) [u].[Username], [u].[Key], [u].[Password], [u].[Role]
FROM [Users] AS [u]
WHERE [u].[Username] = @__key_0
2023-11-14 12:22:27,186 [.NET ThreadPool Worker] INFO Microsoft.EntityFrameworkCore.Infrastructure.?[?] - Entity Framework Core 6.0.24 initialized 'ShoppingContext' using provider 'Microsoft.EntityFrameworkCore.SqlServer:6.0.24' with options: None
2023-11-14 12:22:27,494 [.NET ThreadPool Worker] INFO Microsoft.EntityFrameworkCore.Database.Command.?[?] - Executed DbCommand (53ms) [Parameters=[@p0='?' (Size = 4000), @p1='?' (Size = 4000), @p2='?' (DbType = Single), @p3='?' (DbType = Int32)], CommandType='Text', CommandTimeout='30']
SET NOCOUNT ON;
INSERT INTO [Products] ([Name], [Picture], [Price], [Quantity])
VALUES (@p0, @p1, @p2, @p3);
SELECT [Id]
FROM [Products]
WHERE @@ROWCOUNT = 1 AND [Id] = scope_identity();
2023-11-15 16:11:28,728 [1] INFO Microsoft.EntityFrameworkCore.Infrastructure.?[?] - Entity Framework Core 6.0.24 initialized 'ShoppingContext' using provider 'Microsoft.EntityFrameworkCore.SqlServer:6.0.24' with options: None
2023-11-15 16:12:31,048 [1] INFO Microsoft.EntityFrameworkCore.Infrastructure.?[?] - Entity Framework Core 6.0.24 initialized 'ShoppingContext' using provider 'Microsoft.EntityFrameworkCore.SqlServer:6.0.24' with options: None
2023-11-15 16:12:32,929 [1] INFO Microsoft.EntityFrameworkCore.Database.Command.?[?] - Executed DbCommand (145ms) [Parameters=[], CommandType='Text', CommandTimeout='30']
SELECT 1
2023-11-15 16:12:33,087 [1] INFO Microsoft.EntityFrameworkCore.Database.Command.?[?] - Executed DbCommand (58ms) [Parameters=[], CommandType='Text', CommandTimeout='30']
SELECT OBJECT_ID(N'[__EFMigrationsHistory]');
2023-11-15 16:12:33,098 [1] INFO Microsoft.EntityFrameworkCore.Database.Command.?[?] - Executed DbCommand (4ms) [Parameters=[], CommandType='Text', CommandTimeout='30']
SELECT 1
2023-11-15 16:12:33,100 [1] INFO Microsoft.EntityFrameworkCore.Database.Command.?[?] - Executed DbCommand (1ms) [Parameters=[], CommandType='Text', CommandTimeout='30']
SELECT OBJECT_ID(N'[__EFMigrationsHistory]');
2023-11-15 16:12:33,186 [1] INFO Microsoft.EntityFrameworkCore.Database.Command.?[?] - Executed DbCommand (22ms) [Parameters=[], CommandType='Text', CommandTimeout='30']
SELECT [MigrationId], [ProductVersion]
FROM [__EFMigrationsHistory]
ORDER BY [MigrationId];
2023-11-15 16:12:33,253 [1] INFO Microsoft.EntityFrameworkCore.Migrations.?[?] - Applying migration '20231115104138_First'.
2023-11-15 16:12:33,599 [1] ERROR Microsoft.EntityFrameworkCore.Database.Command.?[?] - Failed executing DbCommand (68ms) [Parameters=[], CommandType='Text', CommandTimeout='30']
CREATE TABLE [Products] (
    [Id] int NOT NULL IDENTITY,
    [Name] nvarchar(max) NOT NULL,
    [Price] real NOT NULL,
    [Quantity] int NOT NULL,
    [Picture] nvarchar(max) NULL,
    CONSTRAINT [PK_Products] PRIMARY KEY ([Id])
);
2023-11-15 16:12:57,412 [1] INFO Microsoft.Hosting.Lifetime.?[?] - Now listening on: http://localhost:5280
2023-11-15 16:12:57,770 [1] INFO Microsoft.Hosting.Lifetime.OnApplicationStarted[0] - Application started. Press Ctrl+C to shut down.
2023-11-15 16:12:57,777 [1] INFO Microsoft.Hosting.Lifetime.OnApplicationStarted[0] - Hosting environment: Development
2023-11-15 16:12:57,781 [1] INFO Microsoft.Hosting.Lifetime.OnApplicationStarted[0] - Content root path: C:\Users\DS\Downloads\dotnetreactFSD19oct2023-master\Day 12\ShoppingSolution\ShoppingApp\
2023-11-15 16:16:11,614 [1] INFO Microsoft.Hosting.Lifetime.?[?] - Now listening on: http://localhost:5280
2023-11-15 16:16:11,732 [1] INFO Microsoft.Hosting.Lifetime.OnApplicationStarted[0] - Application started. Press Ctrl+C to shut down.
2023-11-15 16:16:11,742 [1] INFO Microsoft.Hosting.Lifetime.OnApplicationStarted[0] - Hosting environment: Development
2023-11-15 16:16:11,745 [1] INFO Microsoft.Hosting.Lifetime.OnApplicationStarted[0] - Content root path: C:\Users\DS\Downloads\dotnetreactFSD19oct2023-master\Day 12\ShoppingSolution\ShoppingApp\
2023-11-15 16:54:30,497 [1] INFO Microsoft.Hosting.Lifetime.?[?] - Now listening on: http://localhost:5280
2023-11-15 16:54:31,717 [1] INFO Microsoft.Hosting.Lifetime.OnApplicationStarted[0] - Application started. Press Ctrl+C to shut down.
2023-11-15 16:54:31,911 [1] INFO Microsoft.Hosting.Lifetime.OnApplicationStarted[0] - Hosting environment: Development
2023-11-15 16:54:31,915 [1] INFO Microsoft.Hosting.Lifetime.OnApplicationStarted[0] - Content root path: C:\Users\DS\Downloads\dotnetreactFSD19oct2023-master\Day 12\ShoppingSolution\ShoppingApp\
2023-11-16 09:38:56,174 [1] INFO Microsoft.Hosting.Lifetime.?[?] - Now listening on: http://localhost:5280
2023-11-16 09:38:56,376 [1] INFO Microsoft.Hosting.Lifetime.OnApplicationStarted[0] - Application started. Press Ctrl+C to shut down.
2023-11-16 09:38:56,404 [1] INFO Microsoft.Hosting.Lifetime.OnApplicationStarted[0] - Hosting environment: Development
2023-11-16 09:38:56,407 [1] INFO Microsoft.Hosting.Lifetime.OnApplicationStarted[0] - Content root path: D:\Hexaware\Day 12\ShoppingSolution\ShoppingApp\
2023-11-23 11:26:28,777 [1] INFO Microsoft.Hosting.Lifetime.?[?] - Now listening on: http://localhost:5280
2023-11-23 11:26:31,131 [1] INFO Microsoft.Hosting.Lifetime.OnApplicationStarted[0] - Application started. Press Ctrl+C to shut down.
2023-11-23 11:26:31,357 [1] INFO Microsoft.Hosting.Lifetime.OnApplicationStarted[0] - Hosting environment: Development
2023-11-23 11:26:31,361 [1] INFO Microsoft.Hosting.Lifetime.OnApplicationStarted[0] - Content root path: D:\Hexaware\Day 12\ShoppingSolution\ShoppingApp\
2023-11-23 12:01:59,104 [1] INFO Microsoft.Hosting.Lifetime.?[?] - Now listening on: http://localhost:5280
2023-11-23 12:02:01,081 [1] INFO Microsoft.Hosting.Lifetime.OnApplicationStarted[0] - Application started. Press Ctrl+C to shut down.
2023-11-23 12:02:01,087 [1] INFO Microsoft.Hosting.Lifetime.OnApplicationStarted[0] - Hosting environment: Development
2023-11-23 12:02:01,090 [1] INFO Microsoft.Hosting.Lifetime.OnApplicationStarted[0] - Content root path: D:\Hexaware\Day 12\ShoppingSolution\ShoppingApp\
2023-11-23 12:05:08,607 [.NET ThreadPool Worker] INFO Microsoft.EntityFrameworkCore.Infrastructure.?[?] - Entity Framework Core 6.0.24 initialized 'ShoppingContext' using provider 'Microsoft.EntityFrameworkCore.SqlServer:6.0.24' with options: None
2023-11-23 12:05:16,438 [.NET ThreadPool Worker] INFO Microsoft.EntityFrameworkCore.Database.Command.?[?] - Executed DbCommand (612ms) [Parameters=[], CommandType='Text', CommandTimeout='30']
SELECT COUNT(*)
FROM [Products] AS [p]
2023-11-23 12:05:16,735 [.NET ThreadPool Worker] INFO Microsoft.EntityFrameworkCore.Database.Command.?[?] - Executed DbCommand (65ms) [Parameters=[], CommandType='Text', CommandTimeout='30']
SELECT [p].[Id], [p].[Name], [p].[Picture], [p].[Price], [p].[Quantity]
FROM [Products] AS [p]
2023-11-23 12:05:16,907 [.NET ThreadPool Worker] INFO ShoppingApp.Controllers.ProductController.Get[31] - Product Listed
2023-11-23 12:06:30,960 [.NET ThreadPool Worker] INFO Microsoft.EntityFrameworkCore.Infrastructure.?[?] - Entity Framework Core 6.0.24 initialized 'ShoppingContext' using provider 'Microsoft.EntityFrameworkCore.SqlServer:6.0.24' with options: None
2023-11-23 12:06:31,678 [.NET ThreadPool Worker] INFO Microsoft.EntityFrameworkCore.Database.Command.?[?] - Executed DbCommand (326ms) [Parameters=[@p0='?' (Size = 4000), @p1='?' (Size = 4000), @p2='?' (DbType = Single), @p3='?' (DbType = Int32)], CommandType='Text', CommandTimeout='30']
SET NOCOUNT ON;
INSERT INTO [Products] ([Name], [Picture], [Price], [Quantity])
VALUES (@p0, @p1, @p2, @p3);
SELECT [Id]
FROM [Products]
WHERE @@ROWCOUNT = 1 AND [Id] = scope_identity();
2023-11-23 12:06:39,804 [.NET ThreadPool Worker] INFO Microsoft.EntityFrameworkCore.Infrastructure.?[?] - Entity Framework Core 6.0.24 initialized 'ShoppingContext' using provider 'Microsoft.EntityFrameworkCore.SqlServer:6.0.24' with options: None
2023-11-23 12:06:39,814 [.NET ThreadPool Worker] INFO Microsoft.EntityFrameworkCore.Database.Command.?[?] - Executed DbCommand (1ms) [Parameters=[], CommandType='Text', CommandTimeout='30']
SELECT COUNT(*)
FROM [Products] AS [p]
2023-11-23 12:06:39,819 [.NET ThreadPool Worker] INFO Microsoft.EntityFrameworkCore.Database.Command.?[?] - Executed DbCommand (1ms) [Parameters=[], CommandType='Text', CommandTimeout='30']
SELECT [p].[Id], [p].[Name], [p].[Picture], [p].[Price], [p].[Quantity]
FROM [Products] AS [p]
2023-11-23 12:06:39,828 [.NET ThreadPool Worker] INFO ShoppingApp.Controllers.ProductController.Get[31] - Product Listed
2023-11-23 12:16:13,965 [.NET ThreadPool Worker] INFO Microsoft.EntityFrameworkCore.Infrastructure.?[?] - Entity Framework Core 6.0.24 initialized 'ShoppingContext' using provider 'Microsoft.EntityFrameworkCore.SqlServer:6.0.24' with options: None
2023-11-23 12:16:15,064 [.NET ThreadPool Worker] INFO Microsoft.EntityFrameworkCore.Database.Command.?[?] - Executed DbCommand (67ms) [Parameters=[], CommandType='Text', CommandTimeout='30']
SELECT COUNT(*)
FROM [Products] AS [p]
2023-11-23 12:16:15,084 [.NET ThreadPool Worker] INFO Microsoft.EntityFrameworkCore.Database.Command.?[?] - Executed DbCommand (15ms) [Parameters=[], CommandType='Text', CommandTimeout='30']
SELECT [p].[Id], [p].[Name], [p].[Picture], [p].[Price], [p].[Quantity]
FROM [Products] AS [p]
2023-11-23 12:16:15,089 [.NET ThreadPool Worker] INFO ShoppingApp.Controllers.ProductController.Get[31] - Product Listed
2023-11-23 12:16:51,505 [.NET ThreadPool Worker] INFO Microsoft.EntityFrameworkCore.Infrastructure.?[?] - Entity Framework Core 6.0.24 initialized 'ShoppingContext' using provider 'Microsoft.EntityFrameworkCore.SqlServer:6.0.24' with options: None
2023-11-23 12:16:51,515 [.NET ThreadPool Worker] INFO Microsoft.EntityFrameworkCore.Database.Command.?[?] - Executed DbCommand (2ms) [Parameters=[], CommandType='Text', CommandTimeout='30']
SELECT COUNT(*)
FROM [Products] AS [p]
2023-11-23 12:16:51,529 [.NET ThreadPool Worker] INFO Microsoft.EntityFrameworkCore.Database.Command.?[?] - Executed DbCommand (6ms) [Parameters=[], CommandType='Text', CommandTimeout='30']
SELECT [p].[Id], [p].[Name], [p].[Picture], [p].[Price], [p].[Quantity]
FROM [Products] AS [p]
2023-11-23 12:16:51,536 [.NET ThreadPool Worker] INFO ShoppingApp.Controllers.ProductController.Get[31] - Product Listed
2023-11-23 12:16:54,098 [.NET ThreadPool Worker] INFO Microsoft.EntityFrameworkCore.Infrastructure.?[?] - Entity Framework Core 6.0.24 initialized 'ShoppingContext' using provider 'Microsoft.EntityFrameworkCore.SqlServer:6.0.24' with options: None
2023-11-23 12:16:54,107 [.NET ThreadPool Worker] INFO Microsoft.EntityFrameworkCore.Database.Command.?[?] - Executed DbCommand (3ms) [Parameters=[], CommandType='Text', CommandTimeout='30']
SELECT COUNT(*)
FROM [Products] AS [p]
2023-11-23 12:16:54,118 [.NET ThreadPool Worker] INFO Microsoft.EntityFrameworkCore.Database.Command.?[?] - Executed DbCommand (3ms) [Parameters=[], CommandType='Text', CommandTimeout='30']
SELECT [p].[Id], [p].[Name], [p].[Picture], [p].[Price], [p].[Quantity]
FROM [Products] AS [p]
2023-11-23 12:16:54,122 [.NET ThreadPool Worker] INFO ShoppingApp.Controllers.ProductController.Get[31] - Product Listed
2023-11-23 12:16:55,150 [.NET ThreadPool Worker] INFO Microsoft.EntityFrameworkCore.Infrastructure.?[?] - Entity Framework Core 6.0.24 initialized 'ShoppingContext' using provider 'Microsoft.EntityFrameworkCore.SqlServer:6.0.24' with options: None
2023-11-23 12:16:55,166 [.NET ThreadPool Worker] INFO Microsoft.EntityFrameworkCore.Database.Command.?[?] - Executed DbCommand (2ms) [Parameters=[], CommandType='Text', CommandTimeout='30']
SELECT COUNT(*)
FROM [Products] AS [p]
2023-11-23 12:16:55,178 [.NET ThreadPool Worker] INFO Microsoft.EntityFrameworkCore.Database.Command.?[?] - Executed DbCommand (3ms) [Parameters=[], CommandType='Text', CommandTimeout='30']
SELECT [p].[Id], [p].[Name], [p].[Picture], [p].[Price], [p].[Quantity]
FROM [Products] AS [p]
2023-11-23 12:16:55,184 [.NET ThreadPool Worker] INFO ShoppingApp.Controllers.ProductController.Get[31] - Product Listed
2023-11-23 12:17:05,595 [.NET ThreadPool Worker] INFO Microsoft.EntityFrameworkCore.Infrastructure.?[?] - Entity Framework Core 6.0.24 initialized 'ShoppingContext' using provider 'Microsoft.EntityFrameworkCore.SqlServer:6.0.24' with options: None
2023-11-23 12:17:05,605 [.NET ThreadPool Worker] INFO Microsoft.EntityFrameworkCore.Database.Command.?[?] - Executed DbCommand (4ms) [Parameters=[], CommandType='Text', CommandTimeout='30']
SELECT COUNT(*)
FROM [Products] AS [p]
2023-11-23 12:17:05,612 [.NET ThreadPool Worker] INFO Microsoft.EntityFrameworkCore.Database.Command.?[?] - Executed DbCommand (1ms) [Parameters=[], CommandType='Text', CommandTimeout='30']
SELECT [p].[Id], [p].[Name], [p].[Picture], [p].[Price], [p].[Quantity]
FROM [Products] AS [p]
2023-11-23 12:17:05,619 [.NET ThreadPool Worker] INFO ShoppingApp.Controllers.ProductController.Get[31] - Product Listed
2023-11-23 12:17:10,331 [.NET ThreadPool Worker] INFO Microsoft.EntityFrameworkCore.Infrastructure.?[?] - Entity Framework Core 6.0.24 initialized 'ShoppingContext' using provider 'Microsoft.EntityFrameworkCore.SqlServer:6.0.24' with options: None
2023-11-23 12:17:10,339 [.NET ThreadPool Worker] INFO Microsoft.EntityFrameworkCore.Database.Command.?[?] - Executed DbCommand (2ms) [Parameters=[], CommandType='Text', CommandTimeout='30']
SELECT COUNT(*)
FROM [Products] AS [p]
2023-11-23 12:17:10,354 [.NET ThreadPool Worker] INFO Microsoft.EntityFrameworkCore.Database.Command.?[?] - Executed DbCommand (2ms) [Parameters=[], CommandType='Text', CommandTimeout='30']
SELECT [p].[Id], [p].[Name], [p].[Picture], [p].[Price], [p].[Quantity]
FROM [Products] AS [p]
2023-11-23 12:17:10,360 [.NET ThreadPool Worker] INFO ShoppingApp.Controllers.ProductController.Get[31] - Product Listed
2023-11-23 12:17:24,048 [.NET ThreadPool Worker] INFO Microsoft.EntityFrameworkCore.Infrastructure.?[?] - Entity Framework Core 6.0.24 initialized 'ShoppingContext' using provider 'Microsoft.EntityFrameworkCore.SqlServer:6.0.24' with options: None
2023-11-23 12:17:24,069 [.NET ThreadPool Worker] INFO Microsoft.EntityFrameworkCore.Database.Command.?[?] - Executed DbCommand (10ms) [Parameters=[], CommandType='Text', CommandTimeout='30']
SELECT COUNT(*)
FROM [Products] AS [p]
2023-11-23 12:17:24,078 [.NET ThreadPool Worker] INFO Microsoft.EntityFrameworkCore.Database.Command.?[?] - Executed DbCommand (2ms) [Parameters=[], CommandType='Text', CommandTimeout='30']
SELECT [p].[Id], [p].[Name], [p].[Picture], [p].[Price], [p].[Quantity]
FROM [Products] AS [p]
2023-11-23 12:17:24,087 [.NET ThreadPool Worker] INFO ShoppingApp.Controllers.ProductController.Get[31] - Product Listed
2023-11-23 12:17:55,744 [.NET ThreadPool Worker] INFO Microsoft.EntityFrameworkCore.Infrastructure.?[?] - Entity Framework Core 6.0.24 initialized 'ShoppingContext' using provider 'Microsoft.EntityFrameworkCore.SqlServer:6.0.24' with options: None
2023-11-23 12:17:55,754 [.NET ThreadPool Worker] INFO Microsoft.EntityFrameworkCore.Database.Command.?[?] - Executed DbCommand (3ms) [Parameters=[], CommandType='Text', CommandTimeout='30']
SELECT COUNT(*)
FROM [Products] AS [p]
2023-11-23 12:17:55,769 [.NET ThreadPool Worker] INFO Microsoft.EntityFrameworkCore.Database.Command.?[?] - Executed DbCommand (2ms) [Parameters=[], CommandType='Text', CommandTimeout='30']
SELECT [p].[Id], [p].[Name], [p].[Picture], [p].[Price], [p].[Quantity]
FROM [Products] AS [p]
2023-11-23 12:17:55,779 [.NET ThreadPool Worker] INFO ShoppingApp.Controllers.ProductController.Get[31] - Product Listed
2023-11-23 12:27:39,700 [.NET ThreadPool Worker] INFO Microsoft.EntityFrameworkCore.Infrastructure.?[?] - Entity Framework Core 6.0.24 initialized 'ShoppingContext' using provider 'Microsoft.EntityFrameworkCore.SqlServer:6.0.24' with options: None
2023-11-23 12:27:39,961 [.NET ThreadPool Worker] INFO Microsoft.EntityFrameworkCore.Database.Command.?[?] - Executed DbCommand (22ms) [Parameters=[], CommandType='Text', CommandTimeout='30']
SELECT COUNT(*)
FROM [Products] AS [p]
2023-11-23 12:27:39,971 [.NET ThreadPool Worker] INFO Microsoft.EntityFrameworkCore.Database.Command.?[?] - Executed DbCommand (1ms) [Parameters=[], CommandType='Text', CommandTimeout='30']
SELECT [p].[Id], [p].[Name], [p].[Picture], [p].[Price], [p].[Quantity]
FROM [Products] AS [p]
2023-11-23 12:27:39,977 [.NET ThreadPool Worker] INFO ShoppingApp.Controllers.ProductController.Get[31] - Product Listed
2023-11-23 12:29:47,110 [.NET ThreadPool Worker] INFO Microsoft.EntityFrameworkCore.Infrastructure.?[?] - Entity Framework Core 6.0.24 initialized 'ShoppingContext' using provider 'Microsoft.EntityFrameworkCore.SqlServer:6.0.24' with options: None
2023-11-23 12:29:47,123 [.NET ThreadPool Worker] INFO Microsoft.EntityFrameworkCore.Database.Command.?[?] - Executed DbCommand (3ms) [Parameters=[], CommandType='Text', CommandTimeout='30']
SELECT COUNT(*)
FROM [Products] AS [p]
2023-11-23 12:29:47,133 [.NET ThreadPool Worker] INFO Microsoft.EntityFrameworkCore.Database.Command.?[?] - Executed DbCommand (1ms) [Parameters=[], CommandType='Text', CommandTimeout='30']
SELECT [p].[Id], [p].[Name], [p].[Picture], [p].[Price], [p].[Quantity]
FROM [Products] AS [p]
2023-11-23 12:29:47,145 [.NET ThreadPool Worker] INFO ShoppingApp.Controllers.ProductController.Get[31] - Product Listed
2023-11-23 12:35:01,433 [1] INFO Microsoft.Hosting.Lifetime.?[?] - Now listening on: http://localhost:5280
2023-11-23 12:35:02,219 [1] INFO Microsoft.Hosting.Lifetime.OnApplicationStarted[0] - Application started. Press Ctrl+C to shut down.
2023-11-23 12:35:02,228 [1] INFO Microsoft.Hosting.Lifetime.OnApplicationStarted[0] - Hosting environment: Development
2023-11-23 12:35:02,232 [1] INFO Microsoft.Hosting.Lifetime.OnApplicationStarted[0] - Content root path: D:\Hexaware\Day 12\ShoppingSolution\ShoppingApp\
2023-11-23 12:37:24,395 [.NET ThreadPool Worker] INFO Microsoft.EntityFrameworkCore.Infrastructure.?[?] - Entity Framework Core 6.0.24 initialized 'ShoppingContext' using provider 'Microsoft.EntityFrameworkCore.SqlServer:6.0.24' with options: None
2023-11-23 12:37:26,001 [.NET ThreadPool Worker] INFO Microsoft.EntityFrameworkCore.Database.Command.?[?] - Executed DbCommand (62ms) [Parameters=[], CommandType='Text', CommandTimeout='30']
SELECT COUNT(*)
FROM [Products] AS [p]
2023-11-23 12:37:26,178 [.NET ThreadPool Worker] INFO Microsoft.EntityFrameworkCore.Database.Command.?[?] - Executed DbCommand (7ms) [Parameters=[], CommandType='Text', CommandTimeout='30']
SELECT [p].[Id], [p].[Name], [p].[Picture], [p].[Price], [p].[Quantity]
FROM [Products] AS [p]
2023-11-23 12:37:26,338 [.NET ThreadPool Worker] INFO ShoppingApp.Controllers.ProductController.Get[31] - Product Listed
2023-11-23 12:37:26,415 [.NET ThreadPool Worker] INFO Microsoft.EntityFrameworkCore.Infrastructure.?[?] - Entity Framework Core 6.0.24 initialized 'ShoppingContext' using provider 'Microsoft.EntityFrameworkCore.SqlServer:6.0.24' with options: None
2023-11-23 12:37:26,423 [.NET ThreadPool Worker] INFO Microsoft.EntityFrameworkCore.Database.Command.?[?] - Executed DbCommand (0ms) [Parameters=[], CommandType='Text', CommandTimeout='30']
SELECT COUNT(*)
FROM [Products] AS [p]
2023-11-23 12:37:26,429 [.NET ThreadPool Worker] INFO Microsoft.EntityFrameworkCore.Database.Command.?[?] - Executed DbCommand (0ms) [Parameters=[], CommandType='Text', CommandTimeout='30']
SELECT [p].[Id], [p].[Name], [p].[Picture], [p].[Price], [p].[Quantity]
FROM [Products] AS [p]
2023-11-23 12:37:26,440 [.NET ThreadPool Worker] INFO ShoppingApp.Controllers.ProductController.Get[31] - Product Listed
2023-11-23 12:38:36,992 [.NET ThreadPool Worker] INFO Microsoft.EntityFrameworkCore.Infrastructure.?[?] - Entity Framework Core 6.0.24 initialized 'ShoppingContext' using provider 'Microsoft.EntityFrameworkCore.SqlServer:6.0.24' with options: None
2023-11-23 12:38:37,000 [.NET ThreadPool Worker] INFO Microsoft.EntityFrameworkCore.Database.Command.?[?] - Executed DbCommand (2ms) [Parameters=[], CommandType='Text', CommandTimeout='30']
SELECT COUNT(*)
FROM [Products] AS [p]
2023-11-23 12:38:37,006 [.NET ThreadPool Worker] INFO Microsoft.EntityFrameworkCore.Database.Command.?[?] - Executed DbCommand (1ms) [Parameters=[], CommandType='Text', CommandTimeout='30']
SELECT [p].[Id], [p].[Name], [p].[Picture], [p].[Price], [p].[Quantity]
FROM [Products] AS [p]
2023-11-23 12:38:37,011 [.NET ThreadPool Worker] INFO ShoppingApp.Controllers.ProductController.Get[31] - Product Listed
2023-11-23 12:39:35,567 [.NET ThreadPool Worker] INFO Microsoft.EntityFrameworkCore.Infrastructure.?[?] - Entity Framework Core 6.0.24 initialized 'ShoppingContext' using provider 'Microsoft.EntityFrameworkCore.SqlServer:6.0.24' with options: None
2023-11-23 12:39:35,961 [.NET ThreadPool Worker] INFO Microsoft.EntityFrameworkCore.Database.Command.?[?] - Executed DbCommand (80ms) [Parameters=[@p0='?' (Size = 4000), @p1='?' (Size = 4000), @p2='?' (DbType = Single), @p3='?' (DbType = Int32)], CommandType='Text', CommandTimeout='30']
SET NOCOUNT ON;
INSERT INTO [Products] ([Name], [Picture], [Price], [Quantity])
VALUES (@p0, @p1, @p2, @p3);
SELECT [Id]
FROM [Products]
WHERE @@ROWCOUNT = 1 AND [Id] = scope_identity();
2023-11-23 12:39:50,733 [.NET ThreadPool Worker] INFO Microsoft.EntityFrameworkCore.Infrastructure.?[?] - Entity Framework Core 6.0.24 initialized 'ShoppingContext' using provider 'Microsoft.EntityFrameworkCore.SqlServer:6.0.24' with options: None
2023-11-23 12:39:50,741 [.NET ThreadPool Worker] INFO Microsoft.EntityFrameworkCore.Database.Command.?[?] - Executed DbCommand (1ms) [Parameters=[], CommandType='Text', CommandTimeout='30']
SELECT COUNT(*)
FROM [Products] AS [p]
2023-11-23 12:39:50,748 [.NET ThreadPool Worker] INFO Microsoft.EntityFrameworkCore.Database.Command.?[?] - Executed DbCommand (2ms) [Parameters=[], CommandType='Text', CommandTimeout='30']
SELECT [p].[Id], [p].[Name], [p].[Picture], [p].[Price], [p].[Quantity]
FROM [Products] AS [p]
2023-11-23 12:39:50,756 [.NET ThreadPool Worker] INFO ShoppingApp.Controllers.ProductController.Get[31] - Product Listed
2023-11-23 12:56:03,904 [.NET ThreadPool Worker] INFO Microsoft.EntityFrameworkCore.Infrastructure.?[?] - Entity Framework Core 6.0.24 initialized 'ShoppingContext' using provider 'Microsoft.EntityFrameworkCore.SqlServer:6.0.24' with options: None
2023-11-23 12:56:04,741 [.NET ThreadPool Worker] INFO Microsoft.EntityFrameworkCore.Database.Command.?[?] - Executed DbCommand (59ms) [Parameters=[], CommandType='Text', CommandTimeout='30']
SELECT COUNT(*)
FROM [Products] AS [p]
2023-11-23 12:56:04,752 [.NET ThreadPool Worker] INFO Microsoft.EntityFrameworkCore.Database.Command.?[?] - Executed DbCommand (4ms) [Parameters=[], CommandType='Text', CommandTimeout='30']
SELECT [p].[Id], [p].[Name], [p].[Picture], [p].[Price], [p].[Quantity]
FROM [Products] AS [p]
2023-11-23 12:56:04,758 [.NET ThreadPool Worker] INFO ShoppingApp.Controllers.ProductController.Get[31] - Product Listed
2023-11-23 12:59:38,182 [.NET ThreadPool Worker] INFO Microsoft.EntityFrameworkCore.Infrastructure.?[?] - Entity Framework Core 6.0.24 initialized 'ShoppingContext' using provider 'Microsoft.EntityFrameworkCore.SqlServer:6.0.24' with options: None
2023-11-23 12:59:38,191 [.NET ThreadPool Worker] INFO Microsoft.EntityFrameworkCore.Database.Command.?[?] - Executed DbCommand (3ms) [Parameters=[], CommandType='Text', CommandTimeout='30']
SELECT COUNT(*)
FROM [Products] AS [p]
2023-11-23 12:59:38,196 [.NET ThreadPool Worker] INFO Microsoft.EntityFrameworkCore.Database.Command.?[?] - Executed DbCommand (1ms) [Parameters=[], CommandType='Text', CommandTimeout='30']
SELECT [p].[Id], [p].[Name], [p].[Picture], [p].[Price], [p].[Quantity]
FROM [Products] AS [p]
2023-11-23 12:59:38,199 [.NET ThreadPool Worker] INFO ShoppingApp.Controllers.ProductController.Get[31] - Product Listed
2023-11-23 12:59:51,451 [.NET ThreadPool Worker] INFO Microsoft.EntityFrameworkCore.Infrastructure.?[?] - Entity Framework Core 6.0.24 initialized 'ShoppingContext' using provider 'Microsoft.EntityFrameworkCore.SqlServer:6.0.24' with options: None
2023-11-23 12:59:51,458 [.NET ThreadPool Worker] INFO Microsoft.EntityFrameworkCore.Database.Command.?[?] - Executed DbCommand (1ms) [Parameters=[], CommandType='Text', CommandTimeout='30']
SELECT COUNT(*)
FROM [Products] AS [p]
2023-11-23 12:59:51,463 [.NET ThreadPool Worker] INFO Microsoft.EntityFrameworkCore.Database.Command.?[?] - Executed DbCommand (1ms) [Parameters=[], CommandType='Text', CommandTimeout='30']
SELECT [p].[Id], [p].[Name], [p].[Picture], [p].[Price], [p].[Quantity]
FROM [Products] AS [p]
2023-11-23 12:59:51,467 [.NET ThreadPool Worker] INFO ShoppingApp.Controllers.ProductController.Get[31] - Product Listed
2023-11-23 13:00:09,642 [.NET ThreadPool Worker] INFO Microsoft.EntityFrameworkCore.Infrastructure.?[?] - Entity Framework Core 6.0.24 initialized 'ShoppingContext' using provider 'Microsoft.EntityFrameworkCore.SqlServer:6.0.24' with options: None
2023-11-23 13:00:09,680 [.NET ThreadPool Worker] INFO Microsoft.EntityFrameworkCore.Database.Command.?[?] - Executed DbCommand (31ms) [Parameters=[@p0='?' (Size = 4000), @p1='?' (Size = 4000), @p2='?' (DbType = Single), @p3='?' (DbType = Int32)], CommandType='Text', CommandTimeout='30']
SET NOCOUNT ON;
INSERT INTO [Products] ([Name], [Picture], [Price], [Quantity])
VALUES (@p0, @p1, @p2, @p3);
SELECT [Id]
FROM [Products]
WHERE @@ROWCOUNT = 1 AND [Id] = scope_identity();
2023-11-23 13:00:12,999 [.NET ThreadPool Worker] INFO Microsoft.EntityFrameworkCore.Infrastructure.?[?] - Entity Framework Core 6.0.24 initialized 'ShoppingContext' using provider 'Microsoft.EntityFrameworkCore.SqlServer:6.0.24' with options: None
2023-11-23 13:00:13,043 [.NET ThreadPool Worker] INFO Microsoft.EntityFrameworkCore.Database.Command.?[?] - Executed DbCommand (1ms) [Parameters=[], CommandType='Text', CommandTimeout='30']
SELECT COUNT(*)
FROM [Products] AS [p]
2023-11-23 13:00:13,048 [.NET ThreadPool Worker] INFO Microsoft.EntityFrameworkCore.Database.Command.?[?] - Executed DbCommand (1ms) [Parameters=[], CommandType='Text', CommandTimeout='30']
SELECT [p].[Id], [p].[Name], [p].[Picture], [p].[Price], [p].[Quantity]
FROM [Products] AS [p]
2023-11-23 13:00:13,053 [.NET ThreadPool Worker] INFO ShoppingApp.Controllers.ProductController.Get[31] - Product Listed
2023-11-23 13:00:36,929 [.NET ThreadPool Worker] INFO Microsoft.EntityFrameworkCore.Infrastructure.?[?] - Entity Framework Core 6.0.24 initialized 'ShoppingContext' using provider 'Microsoft.EntityFrameworkCore.SqlServer:6.0.24' with options: None
2023-11-23 13:00:36,939 [.NET ThreadPool Worker] INFO Microsoft.EntityFrameworkCore.Database.Command.?[?] - Executed DbCommand (2ms) [Parameters=[], CommandType='Text', CommandTimeout='30']
SELECT COUNT(*)
FROM [Products] AS [p]
2023-11-23 13:00:36,947 [.NET ThreadPool Worker] INFO Microsoft.EntityFrameworkCore.Database.Command.?[?] - Executed DbCommand (2ms) [Parameters=[], CommandType='Text', CommandTimeout='30']
SELECT [p].[Id], [p].[Name], [p].[Picture], [p].[Price], [p].[Quantity]
FROM [Products] AS [p]
2023-11-23 13:00:36,951 [.NET ThreadPool Worker] INFO ShoppingApp.Controllers.ProductController.Get[31] - Product Listed
